<?xml version="1.0" encoding="UTF-8"?>
<testng-results ignored="0" total="1" passed="1" failed="0" skipped="0">
  <reporter-output>
  </reporter-output>
  <suite started-at="2023-07-06T17:22:47 CST" name="Test-Suite" finished-at="2023-07-06T17:22:57 CST" duration-ms="10423">
    <groups>
      <group name="Regression">
        <method signature="HomePageTest.fTest()[pri:0, instance:TestCases.HomePageTest@34a875b3]" name="fTest" class="TestCases.HomePageTest"/>
      </group> <!-- Regression -->
    </groups>
    <test started-at="2023-07-06T17:22:47 CST" name="ToolsQA" finished-at="2023-07-06T17:22:57 CST" duration-ms="10423">
      <class name="TestCases.HomePageTest">
        <test-method is-config="true" signature="setUp(java.lang.String,java.lang.String)[pri:0, instance:TestCases.HomePageTest@34a875b3]" started-at="2023-07-06T17:22:47 CST" name="setUp" finished-at="2023-07-06T17:22:52 CST" duration-ms="5798" status="PASS">
          <params>
            <param index="0">
              <value>
                <![CDATA[chrome]]>
              </value>
            </param>
            <param index="1">
              <value>
                <![CDATA[qa]]>
              </value>
            </param>
          </params>
          <reporter-output>
          </reporter-output>
        </test-method> <!-- setUp -->
        <test-method signature="fTest()[pri:0, instance:TestCases.HomePageTest@34a875b3]" started-at="2023-07-06T17:22:53 CST" name="fTest" finished-at="2023-07-06T17:22:57 CST" duration-ms="4230" status="PASS">
          <reporter-output>
          </reporter-output>
        </test-method> <!-- fTest -->
        <test-method is-config="true" signature="tearDown()[pri:0, instance:TestCases.HomePageTest@34a875b3]" started-at="2023-07-06T17:22:57 CST" name="tearDown" finished-at="2023-07-06T17:22:57 CST" duration-ms="316" status="PASS">
          <reporter-output>
          </reporter-output>
        </test-method> <!-- tearDown -->
      </class> <!-- TestCases.HomePageTest -->
    </test> <!-- ToolsQA -->
  </suite> <!-- Test-Suite -->
</testng-results>
