<?xml version="1.0" encoding="UTF-8"?>
<testng-results ignored="0" total="1" passed="1" failed="0" skipped="0">
  <reporter-output>
  </reporter-output>
  <suite started-at="2024-02-04T20:21:15 CST" name="Test-Suite" finished-at="2024-02-04T20:21:25 CST" duration-ms="9748">
    <groups>
      <group name="Regression">
        <method signature="HomePageTest.fTest()[pri:0, instance:TestCases.HomePageTest@3381b4fc]" name="fTest" class="TestCases.HomePageTest"/>
      </group> <!-- Regression -->
    </groups>
    <test started-at="2024-02-04T20:21:15 CST" name="ToolsQA" finished-at="2024-02-04T20:21:25 CST" duration-ms="9748">
      <class name="TestCases.HomePageTest">
        <test-method is-config="true" signature="setUp(java.lang.String,java.lang.reflect.Method)[pri:0, instance:TestCases.HomePageTest@3381b4fc]" started-at="2024-02-04T20:21:15 CST" name="setUp" finished-at="2024-02-04T20:21:19 CST" duration-ms="4117" status="PASS">
          <params>
            <param index="0">
              <value>
                <![CDATA[chrome]]>
              </value>
            </param>
            <param index="1">
              <value>
                <![CDATA[public void TestCases.HomePageTest.fTest() throws java.lang.Exception]]>
              </value>
            </param>
          </params>
          <reporter-output>
          </reporter-output>
        </test-method> <!-- setUp -->
        <test-method signature="fTest()[pri:0, instance:TestCases.HomePageTest@3381b4fc]" started-at="2024-02-04T20:21:19 CST" name="fTest" finished-at="2024-02-04T20:21:24 CST" duration-ms="5102" status="PASS">
          <reporter-output>
          </reporter-output>
        </test-method> <!-- fTest -->
        <test-method is-config="true" signature="tearDown()[pri:0, instance:TestCases.HomePageTest@3381b4fc]" started-at="2024-02-04T20:21:24 CST" name="tearDown" finished-at="2024-02-04T20:21:25 CST" duration-ms="418" status="PASS">
          <reporter-output>
          </reporter-output>
        </test-method> <!-- tearDown -->
      </class> <!-- TestCases.HomePageTest -->
    </test> <!-- ToolsQA -->
  </suite> <!-- Test-Suite -->
</testng-results>
